Start testing: Oct 08 03:00 EDT
----------------------------------------------------------
1/3 Testing: PIDImplTest.ComputeTotal
1/3 Test: PIDImplTest.ComputeTotal
Command: "/home/kashif/SDR/week5/build/test/cpp-test" "--gtest_filter=PIDImplTest.ComputeTotal" "--gtest_also_run_disabled_tests"
Directory: /home/kashif/SDR/week5/build/test
"PIDImplTest.ComputeTotal" start time: Oct 08 03:00 EDT
Output:
----------------------------------------------------------
Note: Google Test filter = PIDImplTest.ComputeTotal
[==========] Running 1 test from 1 test suite.
[----------] Global test environment set-up.
[----------] 1 test from PIDImplTest
[ RUN      ] PIDImplTest.ComputeTotal
/home/kashif/SDR/week5/test/test.cpp:35: Failure
Expected equality of these values:
  pid->pimpl->computeTotal(Pout, Iout, Dout, error)
    Which is: 0
  1.6
    Which is: 1.6000000000000001

[  FAILED  ] PIDImplTest.ComputeTotal (0 ms)
[----------] 1 test from PIDImplTest (0 ms total)

[----------] Global test environment tear-down
[==========] 1 test from 1 test suite ran. (0 ms total)
[  PASSED  ] 0 tests.
[  FAILED  ] 1 test, listed below:
[  FAILED  ] PIDImplTest.ComputeTotal

 1 FAILED TEST
<end of output>
Test time =   0.00 sec
----------------------------------------------------------
Test Failed.
"PIDImplTest.ComputeTotal" end time: Oct 08 03:00 EDT
"PIDImplTest.ComputeTotal" time elapsed: 00:00:00
----------------------------------------------------------

2/3 Testing: PIDImplTest.Calculate
2/3 Test: PIDImplTest.Calculate
Command: "/home/kashif/SDR/week5/build/test/cpp-test" "--gtest_filter=PIDImplTest.Calculate" "--gtest_also_run_disabled_tests"
Directory: /home/kashif/SDR/week5/build/test
"PIDImplTest.Calculate" start time: Oct 08 03:00 EDT
Output:
----------------------------------------------------------
Note: Google Test filter = PIDImplTest.Calculate
[==========] Running 1 test from 1 test suite.
[----------] Global test environment set-up.
[----------] 1 test from PIDImplTest
[ RUN      ] PIDImplTest.Calculate
[       OK ] PIDImplTest.Calculate (0 ms)
[----------] 1 test from PIDImplTest (0 ms total)

[----------] Global test environment tear-down
[==========] 1 test from 1 test suite ran. (0 ms total)
[  PASSED  ] 1 test.
<end of output>
Test time =   0.00 sec
----------------------------------------------------------
Test Passed.
"PIDImplTest.Calculate" end time: Oct 08 03:00 EDT
"PIDImplTest.Calculate" time elapsed: 00:00:00
----------------------------------------------------------

3/3 Testing: PIDControlTest.OutputValue
3/3 Test: PIDControlTest.OutputValue
Command: "/home/kashif/SDR/week5/build/test/cpp-test" "--gtest_filter=PIDControlTest.OutputValue" "--gtest_also_run_disabled_tests"
Directory: /home/kashif/SDR/week5/build/test
"PIDControlTest.OutputValue" start time: Oct 08 03:00 EDT
Output:
----------------------------------------------------------
Note: Google Test filter = PIDControlTest.OutputValue
[==========] Running 1 test from 1 test suite.
[----------] Global test environment set-up.
[----------] 1 test from PIDControlTest
[ RUN      ] PIDControlTest.OutputValue
[       OK ] PIDControlTest.OutputValue (0 ms)
[----------] 1 test from PIDControlTest (0 ms total)

[----------] Global test environment tear-down
[==========] 1 test from 1 test suite ran. (0 ms total)
[  PASSED  ] 1 test.
<end of output>
Test time =   0.00 sec
----------------------------------------------------------
Test Passed.
"PIDControlTest.OutputValue" end time: Oct 08 03:00 EDT
"PIDControlTest.OutputValue" time elapsed: 00:00:00
----------------------------------------------------------

End testing: Oct 08 03:00 EDT
